<?xml version="1.0" encoding="UTF-8"?>
<testsuite xmlns:xsi="http://www.w3.org/2001/XMLSchema-instance" xsi:noNamespaceSchemaLocation="https://maven.apache.org/surefire/maven-surefire-plugin/xsd/surefire-test-report-3.0.xsd" version="3.0" name="com.example.serviceproxy.ServiceProxyServerTest" time="5.006" tests="3" errors="0" skipped="0" failures="0">
  <properties>
    <property name="java.specification.version" value="17"/>
    <property name="sun.jnu.encoding" value="UTF-8"/>
    <property name="java.class.path" value="/home/ndipiazza/wps/service-proxy/target/test-classes:/home/ndipiazza/wps/service-proxy/target/classes:/home/ndipiazza/.m2/repository/org/wiremock/wiremock-standalone/3.3.1/wiremock-standalone-3.3.1.jar:/home/ndipiazza/.m2/repository/org/slf4j/slf4j-api/2.0.9/slf4j-api-2.0.9.jar:/home/ndipiazza/.m2/repository/ch/qos/logback/logback-classic/1.4.14/logback-classic-1.4.14.jar:/home/ndipiazza/.m2/repository/ch/qos/logback/logback-core/1.4.14/logback-core-1.4.14.jar:/home/ndipiazza/.m2/repository/com/fasterxml/jackson/core/jackson-databind/2.16.1/jackson-databind-2.16.1.jar:/home/ndipiazza/.m2/repository/com/fasterxml/jackson/core/jackson-annotations/2.16.1/jackson-annotations-2.16.1.jar:/home/ndipiazza/.m2/repository/com/fasterxml/jackson/core/jackson-core/2.16.1/jackson-core-2.16.1.jar:/home/ndipiazza/.m2/repository/org/junit/jupiter/junit-jupiter/5.10.1/junit-jupiter-5.10.1.jar:/home/ndipiazza/.m2/repository/org/junit/jupiter/junit-jupiter-api/5.10.1/junit-jupiter-api-5.10.1.jar:/home/ndipiazza/.m2/repository/org/opentest4j/opentest4j/1.3.0/opentest4j-1.3.0.jar:/home/ndipiazza/.m2/repository/org/junit/platform/junit-platform-commons/1.10.1/junit-platform-commons-1.10.1.jar:/home/ndipiazza/.m2/repository/org/apiguardian/apiguardian-api/1.1.2/apiguardian-api-1.1.2.jar:/home/ndipiazza/.m2/repository/org/junit/jupiter/junit-jupiter-params/5.10.1/junit-jupiter-params-5.10.1.jar:/home/ndipiazza/.m2/repository/org/junit/jupiter/junit-jupiter-engine/5.10.1/junit-jupiter-engine-5.10.1.jar:/home/ndipiazza/.m2/repository/org/junit/platform/junit-platform-engine/1.10.1/junit-platform-engine-1.10.1.jar:"/>
    <property name="java.vm.vendor" value="Eclipse Adoptium"/>
    <property name="sun.arch.data.model" value="64"/>
    <property name="java.vendor.url" value="https://adoptium.net/"/>
    <property name="user.timezone" value="America/Chicago"/>
    <property name="os.name" value="Linux"/>
    <property name="java.vm.specification.version" value="17"/>
    <property name="sun.java.launcher" value="SUN_STANDARD"/>
    <property name="user.country" value="US"/>
    <property name="sun.boot.library.path" value="/home/ndipiazza/apps/jdk-17.0.10+7/lib"/>
    <property name="sun.java.command" value="/home/ndipiazza/wps/service-proxy/target/surefire/surefirebooter-20250706094424486_3.jar /home/ndipiazza/wps/service-proxy/target/surefire 2025-07-06T09-44-24_405-jvmRun1 surefire-20250706094424486_1tmp surefire_0-20250706094424486_2tmp"/>
    <property name="jdk.debug" value="release"/>
    <property name="surefire.test.class.path" value="/home/ndipiazza/wps/service-proxy/target/test-classes:/home/ndipiazza/wps/service-proxy/target/classes:/home/ndipiazza/.m2/repository/org/wiremock/wiremock-standalone/3.3.1/wiremock-standalone-3.3.1.jar:/home/ndipiazza/.m2/repository/org/slf4j/slf4j-api/2.0.9/slf4j-api-2.0.9.jar:/home/ndipiazza/.m2/repository/ch/qos/logback/logback-classic/1.4.14/logback-classic-1.4.14.jar:/home/ndipiazza/.m2/repository/ch/qos/logback/logback-core/1.4.14/logback-core-1.4.14.jar:/home/ndipiazza/.m2/repository/com/fasterxml/jackson/core/jackson-databind/2.16.1/jackson-databind-2.16.1.jar:/home/ndipiazza/.m2/repository/com/fasterxml/jackson/core/jackson-annotations/2.16.1/jackson-annotations-2.16.1.jar:/home/ndipiazza/.m2/repository/com/fasterxml/jackson/core/jackson-core/2.16.1/jackson-core-2.16.1.jar:/home/ndipiazza/.m2/repository/org/junit/jupiter/junit-jupiter/5.10.1/junit-jupiter-5.10.1.jar:/home/ndipiazza/.m2/repository/org/junit/jupiter/junit-jupiter-api/5.10.1/junit-jupiter-api-5.10.1.jar:/home/ndipiazza/.m2/repository/org/opentest4j/opentest4j/1.3.0/opentest4j-1.3.0.jar:/home/ndipiazza/.m2/repository/org/junit/platform/junit-platform-commons/1.10.1/junit-platform-commons-1.10.1.jar:/home/ndipiazza/.m2/repository/org/apiguardian/apiguardian-api/1.1.2/apiguardian-api-1.1.2.jar:/home/ndipiazza/.m2/repository/org/junit/jupiter/junit-jupiter-params/5.10.1/junit-jupiter-params-5.10.1.jar:/home/ndipiazza/.m2/repository/org/junit/jupiter/junit-jupiter-engine/5.10.1/junit-jupiter-engine-5.10.1.jar:/home/ndipiazza/.m2/repository/org/junit/platform/junit-platform-engine/1.10.1/junit-platform-engine-1.10.1.jar:"/>
    <property name="sun.cpu.endian" value="little"/>
    <property name="user.home" value="/home/ndipiazza"/>
    <property name="user.language" value="en"/>
    <property name="java.specification.vendor" value="Oracle Corporation"/>
    <property name="java.version.date" value="2024-01-16"/>
    <property name="java.home" value="/home/ndipiazza/apps/jdk-17.0.10+7"/>
    <property name="file.separator" value="/"/>
    <property name="basedir" value="/home/ndipiazza/wps/service-proxy"/>
    <property name="java.vm.compressedOopsMode" value="Zero based"/>
    <property name="line.separator" value="&#10;"/>
    <property name="java.specification.name" value="Java Platform API Specification"/>
    <property name="java.vm.specification.vendor" value="Oracle Corporation"/>
    <property name="surefire.real.class.path" value="/home/ndipiazza/wps/service-proxy/target/surefire/surefirebooter-20250706094424486_3.jar"/>
    <property name="sun.management.compiler" value="HotSpot 64-Bit Tiered Compilers"/>
    <property name="java.runtime.version" value="17.0.10+7"/>
    <property name="user.name" value="ndipiazza"/>
    <property name="path.separator" value=":"/>
    <property name="os.version" value="6.8.0-60-generic"/>
    <property name="java.runtime.name" value="OpenJDK Runtime Environment"/>
    <property name="file.encoding" value="UTF-8"/>
    <property name="java.vm.name" value="OpenJDK 64-Bit Server VM"/>
    <property name="java.vendor.version" value="Temurin-17.0.10+7"/>
    <property name="localRepository" value="/home/ndipiazza/.m2/repository"/>
    <property name="javax.xml.xpath.XPathFactory:http://java.sun.com/jaxp/xpath/dom" value="com.sun.org.apache.xpath.internal.jaxp.XPathFactoryImpl"/>
    <property name="java.vendor.url.bug" value="https://github.com/adoptium/adoptium-support/issues"/>
    <property name="jetty.git.hash" value="5a9a771a9fbcb9d36993630850f612581b78c13f"/>
    <property name="java.io.tmpdir" value="/tmp"/>
    <property name="wiremock.org.eclipse.jetty.http.HttpGenerator.STRICT" value="true"/>
    <property name="java.version" value="17.0.10"/>
    <property name="user.dir" value="/home/ndipiazza/wps/service-proxy"/>
    <property name="os.arch" value="amd64"/>
    <property name="java.vm.specification.name" value="Java Virtual Machine Specification"/>
    <property name="native.encoding" value="UTF-8"/>
    <property name="java.library.path" value="/usr/java/packages/lib:/usr/lib64:/lib64:/lib:/usr/lib"/>
    <property name="java.vm.info" value="mixed mode, sharing"/>
    <property name="java.vendor" value="Eclipse Adoptium"/>
    <property name="java.vm.version" value="17.0.10+7"/>
    <property name="sun.io.unicode.encoding" value="UnicodeLittle"/>
    <property name="javax.xml.transform.TransformerFactory" value="com.sun.org.apache.xalan.internal.xsltc.trax.TransformerFactoryImpl"/>
    <property name="java.class.version" value="61.0"/>
  </properties>
  <testcase name="testHealthEndpoint" classname="com.example.serviceproxy.ServiceProxyServerTest" time="3.183">
    <system-out><![CDATA[2025-07-06 09:44:27 [Thread-1] INFO  c.e.serviceproxy.ServiceProxyServer - Proxy mappings configured successfully
2025-07-06 09:44:27 [Thread-1] INFO  c.e.serviceproxy.ServiceProxyServer - Service Proxy Server started on port 8089
2025-07-06 09:44:27 [Thread-1] INFO  c.e.serviceproxy.ServiceProxyServer - Proxy mappings:
2025-07-06 09:44:27 [Thread-1] INFO  c.e.serviceproxy.ServiceProxyServer -   /am/* -> http://localhost:9001
2025-07-06 09:44:27 [Thread-1] INFO  c.e.serviceproxy.ServiceProxyServer -   /services/* -> http://localhost:9002
2025-07-06 09:44:27 [Thread-1] INFO  c.e.serviceproxy.ServiceProxyServer - Server ready to handle requests!
2025-07-06 09:44:28 [main] INFO  c.e.serviceproxy.ServiceProxyServer - Service Proxy Server stopped
]]></system-out>
  </testcase>
  <testcase name="testRootEndpoint" classname="com.example.serviceproxy.ServiceProxyServerTest" time="1.085">
    <system-out><![CDATA[2025-07-06 09:44:28 [Thread-16] INFO  c.e.serviceproxy.ServiceProxyServer - Proxy mappings configured successfully
2025-07-06 09:44:28 [Thread-16] INFO  c.e.serviceproxy.ServiceProxyServer - Service Proxy Server started on port 8089
2025-07-06 09:44:28 [Thread-16] INFO  c.e.serviceproxy.ServiceProxyServer - Proxy mappings:
2025-07-06 09:44:28 [Thread-16] INFO  c.e.serviceproxy.ServiceProxyServer -   /am/* -> http://localhost:9001
2025-07-06 09:44:28 [Thread-16] INFO  c.e.serviceproxy.ServiceProxyServer -   /services/* -> http://localhost:9002
2025-07-06 09:44:28 [Thread-16] INFO  c.e.serviceproxy.ServiceProxyServer - Server ready to handle requests!
2025-07-06 09:44:29 [main] INFO  c.e.serviceproxy.ServiceProxyServer - Service Proxy Server stopped
]]></system-out>
  </testcase>
  <testcase name="testCustomMappingAddition" classname="com.example.serviceproxy.ServiceProxyServerTest" time="0.714">
    <system-out><![CDATA[2025-07-06 09:44:29 [Thread-30] INFO  c.e.serviceproxy.ServiceProxyServer - Proxy mappings configured successfully
2025-07-06 09:44:29 [Thread-30] INFO  c.e.serviceproxy.ServiceProxyServer - Service Proxy Server started on port 8089
2025-07-06 09:44:29 [Thread-30] INFO  c.e.serviceproxy.ServiceProxyServer - Proxy mappings:
2025-07-06 09:44:29 [Thread-30] INFO  c.e.serviceproxy.ServiceProxyServer -   /am/* -> http://localhost:9001
2025-07-06 09:44:29 [Thread-30] INFO  c.e.serviceproxy.ServiceProxyServer -   /services/* -> http://localhost:9002
2025-07-06 09:44:29 [Thread-30] INFO  c.e.serviceproxy.ServiceProxyServer - Server ready to handle requests!
2025-07-06 09:44:29 [main] INFO  c.e.serviceproxy.ServiceProxyServer - Added custom mapping: GET /custom/.* -> http://localhost:9999
2025-07-06 09:44:29 [main] INFO  c.e.serviceproxy.ServiceProxyServer - Service Proxy Server stopped
]]></system-out>
  </testcase>
</testsuite>